#
# There is insufficient memory for the Java Runtime Environment to continue.
# Native memory allocation (mmap) failed to map 98566144 bytes for Failed to commit area from 0x00000000c0000000 to 0x00000000c5e00000 of length 98566144.
# Possible reasons:
#   The system is out of physical RAM or swap space
#   The process is running with CompressedOops enabled, and the Java Heap may be blocking the growth of the native heap
# Possible solutions:
#   Reduce memory load on the system
#   Increase physical memory or swap space
#   Check if swap backing store is full
#   Decrease Java heap size (-Xmx/-Xms)
#   Decrease number of Java threads
#   Decrease Java thread stack sizes (-Xss)
#   Set larger code cache with -XX:ReservedCodeCacheSize=
# This output file may be truncated or incomplete.
#
#  Out of Memory Error (./open/src/hotspot/os/windows/os_windows.cpp:3287), pid=2980, tid=8548
#
# JRE version:  (11.0.15.1+2) (build )
# Java VM: Java HotSpot(TM) 64-Bit Server VM (11.0.15.1+2-LTS-10, mixed mode, sharing, tiered, compressed oops, g1 gc, windows-amd64)
# No core dump will be written. Minidumps are not enabled by default on client versions of Windows
#

---------------  S U M M A R Y ------------

Command Line: -XX:TieredStopAtLevel=1 -Xverify:none -Dspring.output.ansi.enabled=always -Dcom.sun.management.jmxremote -Dspring.jmx.enabled=true -Dspring.liveBeansView.mbeanDomain -Dspring.application.admin.enabled=true -javaagent:C:\Program Files\JetBrains\IntelliJ IDEA 2022.2.2\lib\idea_rt.jar=62775:C:\Program Files\JetBrains\IntelliJ IDEA 2022.2.2\bin -Dfile.encoding=UTF-8 -Xmx1024M com.usa.reto3v2.Reto3v2Application

Host: Intel(R) Core(TM) i5-2410M CPU @ 2.30GHz, 4 cores, 5G,  Windows 10 , 64 bit Build 18362 (10.0.18362.1500)
Time: Wed Oct 12 18:09:32 2022 Hora est. Pacífico, Sudamérica elapsed time: 0.047623 seconds (0d 0h 0m 0s)

---------------  T H R E A D  ---------------

Current thread (0x000001533ed8d800):  JavaThread "Unknown thread" [_thread_in_vm, id=8548, stack(0x000000510ea00000,0x000000510eb00000)]

Stack: [0x000000510ea00000,0x000000510eb00000]
Native frames: (J=compiled Java code, j=interpreted, Vv=VM code, C=native code)
V  [jvm.dll+0x629d8a]
V  [jvm.dll+0x7638ff]
V  [jvm.dll+0x764fa9]
V  [jvm.dll+0x765633]
V  [jvm.dll+0x23d9c8]
V  [jvm.dll+0x6270aa]
V  [jvm.dll+0x61be35]
V  [jvm.dll+0x2f27dc]
V  [jvm.dll+0x2f2662]
V  [jvm.dll+0x2f7386]
V  [jvm.dll+0x339d8f]
V  [jvm.dll+0x3397c0]
V  [jvm.dll+0x2cfdf8]
V  [jvm.dll+0x2d0f66]
V  [jvm.dll+0x73df07]
V  [jvm.dll+0x73f79f]
V  [jvm.dll+0x346ab9]
V  [jvm.dll+0x723810]
V  [jvm.dll+0x3b56cf]
V  [jvm.dll+0x3b77e1]
C  [jli.dll+0x5207]
C  [ucrtbase.dll+0x210b2]
C  [KERNEL32.DLL+0x17c24]
C  [ntdll.dll+0x6d721]


---------------  P R O C E S S  ---------------

Threads class SMR info:
_java_thread_list=0x000001533ccce150, length=0, elements={
}

Java Threads: ( => current thread )

Other Threads:
  0x000001533eda3800 GCTaskThread "GC Thread#0" [stack: 0x000000510eb00000,0x000000510ec00000] [id=4144]
  0x000001533edbd800 ConcurrentGCThread "G1 Main Marker" [stack: 0x000000510ec00000,0x000000510ed00000] [id=7088]
  0x000001533edc0000 ConcurrentGCThread "G1 Conc#0" [stack: 0x000000510ed00000,0x000000510ee00000] [id=9264]

[error occurred during error reporting (printing all threads), id 0xc0000005, EXCEPTION_ACCESS_VIOLATION (0xc0000005) at pc=0x00007ffc1816f087]

VM state:not at safepoint (not fully initialized)

VM Mutex/Monitor currently owned by a thread:  ([mutex/lock_event])
[0x000001533ed8a910] Heap_lock - owner thread: 0x000001533ed8d800

Heap address: 0x00000000c0000000, size: 1024 MB, Compressed Oops mode: Non-zero based: 0x00000000c0000000
Narrow klass base: 0x0000000000000000, Narrow klass shift: 0

GC Heap History (0 events):
No events

Deoptimization events (0 events):
No events

Classes redefined (0 events):
No events

Internal exceptions (0 events):
No events

Events (0 events):
No events


Dynamic libraries:
0x00007ff6969a0000 - 0x00007ff6969af000 	C:\Program Files\Java\jdk-11.0.15.1\bin\java.exe
0x00007ffc6dcc0000 - 0x00007ffc6deb0000 	C:\Windows\SYSTEM32\ntdll.dll
0x00007ffc49630000 - 0x00007ffc49647000 	C:\Program Files\Avast Software\Avast\aswhook.dll
0x00007ffc6d570000 - 0x00007ffc6d622000 	C:\Windows\System32\KERNEL32.DLL
0x00007ffc6ae60000 - 0x00007ffc6b105000 	C:\Windows\System32\KERNELBASE.dll
0x00007ffc6bc70000 - 0x00007ffc6bd6a000 	C:\Windows\System32\ucrtbase.dll
0x00007ffc625e0000 - 0x00007ffc625f8000 	C:\Program Files\Java\jdk-11.0.15.1\bin\jli.dll
0x00007ffc6c690000 - 0x00007ffc6c733000 	C:\Windows\System32\ADVAPI32.dll
0x00007ffc6c7c0000 - 0x00007ffc6c85e000 	C:\Windows\System32\msvcrt.dll
0x00007ffc6cf80000 - 0x00007ffc6d017000 	C:\Windows\System32\sechost.dll
0x00007ffc6d630000 - 0x00007ffc6d74f000 	C:\Windows\System32\RPCRT4.dll
0x00007ffc6c2a0000 - 0x00007ffc6c434000 	C:\Windows\System32\USER32.dll
0x00007ffc6ac30000 - 0x00007ffc6ac51000 	C:\Windows\System32\win32u.dll
0x00007ffc6cf50000 - 0x00007ffc6cf76000 	C:\Windows\System32\GDI32.dll
0x00007ffc6ac60000 - 0x00007ffc6adf8000 	C:\Windows\System32\gdi32full.dll
0x00007ffc6b160000 - 0x00007ffc6b1fe000 	C:\Windows\System32\msvcp_win.dll
0x00007ffc658c0000 - 0x00007ffc658d5000 	C:\Program Files\Java\jdk-11.0.15.1\bin\VCRUNTIME140.dll
0x00007ffc4bf40000 - 0x00007ffc4c1c4000 	C:\Windows\WinSxS\amd64_microsoft.windows.common-controls_6595b64144ccf1df_6.0.18362.1556_none_9e7e372fe45e41d5\COMCTL32.dll
0x00007ffc6d020000 - 0x00007ffc6d356000 	C:\Windows\System32\combase.dll
0x00007ffc6bbe0000 - 0x00007ffc6bc61000 	C:\Windows\System32\bcryptPrimitives.dll
0x00007ffc63e90000 - 0x00007ffc63e9a000 	C:\Windows\SYSTEM32\VERSION.dll
0x00007ffc6da90000 - 0x00007ffc6dabe000 	C:\Windows\System32\IMM32.DLL
0x00007ffc62540000 - 0x00007ffc625db000 	C:\Program Files\Java\jdk-11.0.15.1\bin\msvcp140.dll
0x00007ffc17e90000 - 0x00007ffc189a6000 	C:\Program Files\Java\jdk-11.0.15.1\bin\server\jvm.dll
0x00007ffc6da80000 - 0x00007ffc6da88000 	C:\Windows\System32\PSAPI.DLL
0x00007ffc5ee40000 - 0x00007ffc5ee49000 	C:\Windows\SYSTEM32\WSOCK32.dll
0x00007ffc6d960000 - 0x00007ffc6d9cf000 	C:\Windows\System32\WS2_32.dll
0x00007ffc689c0000 - 0x00007ffc689e4000 	C:\Windows\SYSTEM32\WINMM.dll
0x00007ffc68620000 - 0x00007ffc6864d000 	C:\Windows\SYSTEM32\WINMMBASE.dll
0x00007ffc6b110000 - 0x00007ffc6b15a000 	C:\Windows\System32\cfgmgr32.dll
0x00007ffc6abc0000 - 0x00007ffc6abd1000 	C:\Windows\System32\kernel.appcore.dll
0x00007ffc657c0000 - 0x00007ffc657d0000 	C:\Program Files\Java\jdk-11.0.15.1\bin\verify.dll
0x00007ffc63ea0000 - 0x00007ffc64094000 	C:\Windows\SYSTEM32\DBGHELP.DLL
0x00007ffc63a60000 - 0x00007ffc63a8a000 	C:\Windows\SYSTEM32\dbgcore.DLL
0x00007ffc62510000 - 0x00007ffc62538000 	C:\Program Files\Java\jdk-11.0.15.1\bin\java.dll
0x00007ffc62bc0000 - 0x00007ffc62bca000 	C:\Program Files\Java\jdk-11.0.15.1\bin\jimage.dll
0x00007ffc67380000 - 0x00007ffc6738e000 	C:\Program Files\Java\jdk-11.0.15.1\bin\instrument.dll
0x00007ffc624f0000 - 0x00007ffc62506000 	C:\Program Files\Java\jdk-11.0.15.1\bin\zip.dll

dbghelp: loaded successfully - version: 4.0.5 - missing functions: none
symbol engine: initialized successfully - sym options: 0x614 - pdb path: .;C:\Program Files\Java\jdk-11.0.15.1\bin;C:\Windows\SYSTEM32;C:\Program Files\Avast Software\Avast;C:\Windows\WinSxS\amd64_microsoft.windows.common-controls_6595b64144ccf1df_6.0.18362.1556_none_9e7e372fe45e41d5;C:\Program Files\Java\jdk-11.0.15.1\bin\server

VM Arguments:
jvm_args: -XX:TieredStopAtLevel=1 -Xverify:none -Dspring.output.ansi.enabled=always -Dcom.sun.management.jmxremote -Dspring.jmx.enabled=true -Dspring.liveBeansView.mbeanDomain -Dspring.application.admin.enabled=true -javaagent:C:\Program Files\JetBrains\IntelliJ IDEA 2022.2.2\lib\idea_rt.jar=62775:C:\Program Files\JetBrains\IntelliJ IDEA 2022.2.2\bin -Dfile.encoding=UTF-8 -Xmx1024M 
java_command: com.usa.reto3v2.Reto3v2Application
java_class_path (initial): C:\Users\WILL\IdeaProjects\reto3v2\target\classes;C:\Users\WILL\.m2\repository\org\springframework\boot\spring-boot-starter-data-jpa\2.7.4\spring-boot-starter-data-jpa-2.7.4.jar;C:\Users\WILL\.m2\repository\org\springframework\boot\spring-boot-starter-aop\2.7.4\spring-boot-starter-aop-2.7.4.jar;C:\Users\WILL\.m2\repository\org\aspectj\aspectjweaver\1.9.7\aspectjweaver-1.9.7.jar;C:\Users\WILL\.m2\repository\org\springframework\boot\spring-boot-starter-jdbc\2.7.4\spring-boot-starter-jdbc-2.7.4.jar;C:\Users\WILL\.m2\repository\com\zaxxer\HikariCP\4.0.3\HikariCP-4.0.3.jar;C:\Users\WILL\.m2\repository\org\springframework\spring-jdbc\5.3.23\spring-jdbc-5.3.23.jar;C:\Users\WILL\.m2\repository\jakarta\transaction\jakarta.transaction-api\1.3.3\jakarta.transaction-api-1.3.3.jar;C:\Users\WILL\.m2\repository\jakarta\persistence\jakarta.persistence-api\2.2.3\jakarta.persistence-api-2.2.3.jar;C:\Users\WILL\.m2\repository\org\hibernate\hibernate-core\5.6.11.Final\hibernate-core-5.6.11.Final.jar;C:\Users\WILL\.m2\repository\org\jboss\logging\jboss-logging\3.4.3.Final\jboss-logging-3.4.3.Final.jar;C:\Users\WILL\.m2\repository\net\bytebuddy\byte-buddy\1.12.17\byte-buddy-1.12.17.jar;C:\Users\WILL\.m2\repository\antlr\antlr\2.7.7\antlr-2.7.7.jar;C:\Users\WILL\.m2\repository\org\jboss\jandex\2.4.2.Final\jandex-2.4.2.Final.jar;C:\Users\WILL\.m2\repository\com\fasterxml\classmate\1.5.1\classmate-1.5.1.jar;C:\Users\WILL\.m2\repository\org\hibernate\common\hibernate-commons-annotations\5.1.2.Final\hibernate-commons-annotations-5.1.2.Final.jar;C:\Users\WILL\.m2\repository\org\glassfish\jaxb\jaxb-runtime\2.3.6\jaxb-runtime-2.3.6.jar;C:\Users\WILL\.m2\repository\org\glassfish\jaxb\txw2\2.3.6\txw2-2.3.6.jar;C:\Users\WILL\.m2\repository\com\sun\istack\istack-commons-runtime\3.0.12\istack-commons-runtime-3.0.12.jar;C:\Users\WILL\.m2\repository\com\sun\activation\jakarta.activation\1.2.2\jakarta.activation-1.2.2.jar;C:\Users\WILL\.m2\repository\org\springframework\data
Launcher Type: SUN_STANDARD

[Global flags]
     bool BytecodeVerificationLocal                = false                                     {product} {command line}
     bool BytecodeVerificationRemote               = false                                     {product} {command line}
     intx CICompilerCount                          = 3                                         {product} {ergonomic}
     uint ConcGCThreads                            = 1                                         {product} {ergonomic}
     uint G1ConcRefinementThreads                  = 4                                         {product} {ergonomic}
   size_t G1HeapRegionSize                         = 1048576                                   {product} {ergonomic}
    uintx GCDrainStackTargetSize                   = 64                                        {product} {ergonomic}
   size_t InitialHeapSize                          = 98566144                                  {product} {ergonomic}
     bool ManagementServer                         = true                                      {product} {command line}
   size_t MarkStackSize                            = 4194304                                   {product} {ergonomic}
   size_t MaxHeapSize                              = 1073741824                                {product} {command line}
   size_t MinHeapDeltaBytes                        = 1048576                                   {product} {ergonomic}
    uintx NonNMethodCodeHeapSize                   = 6973028                                {pd product} {ergonomic}
    uintx NonProfiledCodeHeapSize                  = 244685212                              {pd product} {ergonomic}
    uintx ProfiledCodeHeapSize                     = 0                                      {pd product} {ergonomic}
    uintx ReservedCodeCacheSize                    = 251658240                              {pd product} {ergonomic}
     bool SegmentedCodeCache                       = true                                      {product} {ergonomic}
     intx TieredStopAtLevel                        = 1                                         {product} {command line}
     bool UseCompressedClassPointers               = true                                 {lp64_product} {ergonomic}
     bool UseCompressedOops                        = true                                 {lp64_product} {ergonomic}
     bool UseG1GC                                  = true                                      {product} {ergonomic}
     bool UseLargePagesIndividualAllocation        = false                                  {pd product} {ergonomic}

Logging:
Log output configuration:
 #0: stdout all=warning uptime,level,tags
 #1: stderr all=off uptime,level,tags

Environment Variables:
_JAVA_OPTIONS=-Xmx1024M
PATH=C:\Users\WILL\AppData\Local\Programs\Python\Python310\Scripts\;C:\Users\WILL\AppData\Local\Programs\Python\Python310\;C:\Program Files\Common Files\Oracle\Java\javapath;C:\Windows\system32;C:\Windows;C:\Windows\System32\Wbem;C:\Windows\System32\WindowsPowerShell\v1.0\;C:\Windows\System32\OpenSSH\;C:\PROGRA~2\PICC;C:\Program Files\Git\cmd;C:\Program Files\nodejs\;C:\ProgramData\chocolatey\bin;C:\Program Files\MySQL\MySQL Shell 8.0\bin\;C:\Users\WILL\AppData\Local\Microsoft\WindowsApps;C:\Users\WILL\AppData\Local\Programs\Microsoft VS Code\bin;C:\Users\WILL\AppData\Local\GitHubDesktop\bin;C:\Users\WILL\AppData\Roaming\npm
USERNAME=WILL
OS=Windows_NT
PROCESSOR_IDENTIFIER=Intel64 Family 6 Model 42 Stepping 7, GenuineIntel



---------------  S Y S T E M  ---------------

OS: Windows 10 , 64 bit Build 18362 (10.0.18362.1500)

CPU:total 4 (initial active 4) (2 cores per cpu, 2 threads per core) family 6 model 42 stepping 7 microcode 0x2e, cmov, cx8, fxsr, mmx, sse, sse2, sse3, ssse3, sse4.1, sse4.2, popcnt, avx, aes, clmul, ht, tsc, tscinvbit

Memory: 4k page, system-wide physical 5995M (445M free)
TotalPageFile size 10091M (AvailPageFile size 60M)
current process WorkingSet (physical memory assigned to process): 10M, peak: 10M
current process commit charge ("private bytes"): 49M, peak: 143M

vm_info: Java HotSpot(TM) 64-Bit Server VM (11.0.15.1+2-LTS-10) for windows-amd64 JRE (11.0.15.1+2-LTS-10), built on Apr 25 2022 21:51:57 by "mach5one" with MS VC++ 15.9 (VS2017)

END.
